<?xml version="1.0" encoding="UTF-8"?>
<!-- Generated by org.testng.reporters.JUnitXMLReporter -->
<testsuite ignored="0" hostname="CoderGirl" failures="0" tests="4" name="Default test" time="59.968" errors="0" timestamp="2024-05-16T14:26:32 CDT">
  <testcase classname="dbTest.DataBaseReader" name="testLandingPage" time="3.459"/>
  <testcase classname="dbTest.DataBaseReader" name="testDbConnection" time="5.187"/>
  <testcase classname="dbTest.DataBaseReader" name="testLoginPage" time="14.783"/>
  <testcase classname="dbTest.DataBaseReader" name="testGetUsers" time="0.38"/>
</testsuite> <!-- Default test -->
