<?xml version="1.0" encoding="UTF-8"?>
<testng-results ignored="0" total="1" passed="1" failed="0" skipped="0">
  <reporter-output>
  </reporter-output>
  <suite started-at="2024-05-01T10:00:11 CDT" name="SeleniumFrameworkSuite" finished-at="2024-05-01T10:00:26 CDT" duration-ms="14569">
    <groups>
    </groups>
    <test started-at="2024-05-01T10:00:11 CDT" name="FunctionalTest" finished-at="2024-05-01T10:00:26 CDT" duration-ms="14569">
      <class name="baseClass.BaseClass">
        <test-method is-config="true" signature="setUpProject()[pri:0, instance:baseClass.BaseClass@35cabb2a]" started-at="2024-05-01T10:00:12 CDT" name="setUpProject" finished-at="2024-05-01T10:00:13 CDT" duration-ms="1339" status="PASS">
          <reporter-output>
          </reporter-output>
        </test-method> <!-- setUpProject -->
        <test-method signature="openBrowser()[pri:1, instance:baseClass.BaseClass@35cabb2a]" started-at="2024-05-01T10:00:13 CDT" name="openBrowser" finished-at="2024-05-01T10:00:23 CDT" duration-ms="10097" status="PASS">
          <reporter-output>
          </reporter-output>
        </test-method> <!-- openBrowser -->
        <test-method is-config="true" signature="closeBrowser()[pri:0, instance:baseClass.BaseClass@35cabb2a]" started-at="2024-05-01T10:00:23 CDT" name="closeBrowser" finished-at="2024-05-01T10:00:26 CDT" duration-ms="3012" status="PASS">
          <reporter-output>
          </reporter-output>
        </test-method> <!-- closeBrowser -->
      </class> <!-- baseClass.BaseClass -->
    </test> <!-- FunctionalTest -->
  </suite> <!-- SeleniumFrameworkSuite -->
</testng-results>
