<?xml version="1.0" encoding="UTF-8"?>
<!-- Generated by org.testng.reporters.JUnitXMLReporter -->
<testsuite ignored="0" hostname="CoderGirl" failures="0" tests="3" name="UI-Test" time="40.226" errors="0" timestamp="2024-05-09T13:21:35 CDT">
  <testcase classname="testcases.Test_TC_LoginPage_001" name="testLoginPage" time="15.092"/>
  <testcase classname="testcases.Test_TC_LoginPage_001" name="testHomePageTitle" time="15.413"/>
  <testcase classname="dBTest.DataBaseTesting" name="testData" time="0.919"/>
</testsuite> <!-- UI-Test -->
