<?xml version="1.0" encoding="UTF-8"?>
<!-- Generated by org.testng.reporters.JUnitXMLReporter -->
<testsuite ignored="3" hostname="CoderGirl" failures="0" tests="1" name="FunctionalTest" time="14.569" errors="0" timestamp="2024-05-01T10:00:26 CDT">
  <testcase classname="baseClass.BaseClass" name="openBrowser" time="10.097"/>
  <testcase classname="baseClass.BaseClass" name="fileUpLoad" time="0.0">
    <ignored/>
  </testcase> <!-- fileUpLoad -->
  <testcase classname="baseClass.BaseClass" name="testSecondHomePage" time="0.0">
    <ignored/>
  </testcase> <!-- testSecondHomePage -->
  <testcase classname="baseClass.BaseClass" name="testOpenHomePage" time="0.0">
    <ignored/>
  </testcase> <!-- testOpenHomePage -->
</testsuite> <!-- FunctionalTest -->
